# JRE version: Java(TM) SE Runtime Environment (8.0_191-b12) (build 1.8.0_191-b12)
# Java VM: Java HotSpot(TM) 64-Bit Server VM (25.191-b12 mixed mode windows-amd64 compressed oops)
Heap:
 PSYoungGen      total 37888K, used 37477K [0x00000000d6180000, 0x00000000da700000, 0x0000000100000000)
  eden space 32768K, 98% used [0x00000000d6180000,0x00000000d8119798,0x00000000d8180000)
  from space 5120K, 99% used [0x00000000d8180000,0x00000000d867fe48,0x00000000d8680000)
  to   space 9216K, 0% used [0x00000000d9e00000,0x00000000d9e00000,0x00000000da700000)
 ParOldGen       total 51712K, used 6235K [0x0000000082400000, 0x0000000085680000, 0x00000000d6180000)
  object space 51712K, 12% used [0x0000000082400000,0x0000000082a16e10,0x0000000085680000)
 Metaspace       used 31895K, capacity 32366K, committed 32768K, reserved 1077248K
  class space    used 4434K, capacity 4551K, committed 4608K, reserved 1048576K
GC Heap History (10 events):
Event: 1.862 GC heap before
{Heap before GC invocations=2 (full 0):
 PSYoungGen      total 37888K, used 34515K [0x00000000d6180000, 0x00000000d8b80000, 0x0000000100000000)
  eden space 32768K, 100% used [0x00000000d6180000,0x00000000d8180000,0x00000000d8180000)
  from space 5120K, 34% used [0x00000000d8180000,0x00000000d8334db0,0x00000000d8680000)
  to   space 5120K, 0% used [0x00000000d8680000,0x00000000d8680000,0x00000000d8b80000)
 ParOldGen       total 86016K, used 8K [0x0000000082400000, 0x0000000087800000, 0x00000000d6180000)
  object space 86016K, 0% used [0x0000000082400000,0x0000000082402000,0x0000000087800000)
 Metaspace       used 9727K, capacity 10046K, committed 10368K, reserved 1058816K
  class space    used 1203K, capacity 1323K, committed 1408K, reserved 1048576K
Event: 1.869 GC heap after
Heap after GC invocations=2 (full 0):
 PSYoungGen      total 37888K, used 4827K [0x00000000d6180000, 0x00000000d8b80000, 0x0000000100000000)
  eden space 32768K, 0% used [0x00000000d6180000,0x00000000d6180000,0x00000000d8180000)
  from space 5120K, 94% used [0x00000000d8680000,0x00000000d8b36d10,0x00000000d8b80000)
  to   space 5120K, 0% used [0x00000000d8180000,0x00000000d8180000,0x00000000d8680000)
 ParOldGen       total 86016K, used 16K [0x0000000082400000, 0x0000000087800000, 0x00000000d6180000)
  object space 86016K, 0% used [0x0000000082400000,0x0000000082404000,0x0000000087800000)
 Metaspace       used 9727K, capacity 10046K, committed 10368K, reserved 1058816K
  class space    used 1203K, capacity 1323K, committed 1408K, reserved 1048576K
}
Event: 3.303 GC heap before
{Heap before GC invocations=3 (full 0):
 PSYoungGen      total 37888K, used 37595K [0x00000000d6180000, 0x00000000d8b80000, 0x0000000100000000)
  eden space 32768K, 100% used [0x00000000d6180000,0x00000000d8180000,0x00000000d8180000)
  from space 5120K, 94% used [0x00000000d8680000,0x00000000d8b36d10,0x00000000d8b80000)
  to   space 5120K, 0% used [0x00000000d8180000,0x00000000d8180000,0x00000000d8680000)
 ParOldGen       total 86016K, used 16K [0x0000000082400000, 0x0000000087800000, 0x00000000d6180000)
  object space 86016K, 0% used [0x0000000082400000,0x0000000082404000,0x0000000087800000)
 Metaspace       used 20301K, capacity 20640K, committed 20864K, reserved 1067008K
  class space    used 2756K, capacity 2876K, committed 2944K, reserved 1048576K
Event: 3.317 GC heap after
Heap after GC invocations=3 (full 0):
 PSYoungGen      total 37888K, used 5116K [0x00000000d6180000, 0x00000000d8b80000, 0x0000000100000000)
  eden space 32768K, 0% used [0x00000000d6180000,0x00000000d6180000,0x00000000d8180000)
  from space 5120K, 99% used [0x00000000d8180000,0x00000000d867f3a8,0x00000000d8680000)
  to   space 5120K, 0% used [0x00000000d8680000,0x00000000d8680000,0x00000000d8b80000)
 ParOldGen       total 86016K, used 2641K [0x0000000082400000, 0x0000000087800000, 0x00000000d6180000)
  object space 86016K, 3% used [0x0000000082400000,0x0000000082694640,0x0000000087800000)
 Metaspace       used 20301K, capacity 20640K, committed 20864K, reserved 1067008K
  class space    used 2756K, capacity 2876K, committed 2944K, reserved 1048576K
}
Event: 3.383 GC heap before
{Heap before GC invocations=4 (full 0):
 PSYoungGen      total 37888K, used 6919K [0x00000000d6180000, 0x00000000d8b80000, 0x0000000100000000)
  eden space 32768K, 5% used [0x00000000d6180000,0x00000000d6342a90,0x00000000d8180000)
  from space 5120K, 99% used [0x00000000d8180000,0x00000000d867f3a8,0x00000000d8680000)
  to   space 5120K, 0% used [0x00000000d8680000,0x00000000d8680000,0x00000000d8b80000)
 ParOldGen       total 86016K, used 2641K [0x0000000082400000, 0x0000000087800000, 0x00000000d6180000)
  object space 86016K, 3% used [0x0000000082400000,0x0000000082694640,0x0000000087800000)
 Metaspace       used 20666K, capacity 21024K, committed 21296K, reserved 1067008K
  class space    used 2846K, capacity 2940K, committed 2944K, reserved 1048576K
Event: 3.389 GC heap after
Heap after GC invocations=4 (full 0):
 PSYoungGen      total 37888K, used 4880K [0x00000000d6180000, 0x00000000dab80000, 0x0000000100000000)
  eden space 32768K, 0% used [0x00000000d6180000,0x00000000d6180000,0x00000000d8180000)
  from space 5120K, 95% used [0x00000000d8680000,0x00000000d8b441d8,0x00000000d8b80000)
  to   space 5120K, 0% used [0x00000000d8180000,0x00000000d8180000,0x00000000d8680000)
 ParOldGen       total 86016K, used 2641K [0x0000000082400000, 0x0000000087800000, 0x00000000d6180000)
  object space 86016K, 3% used [0x0000000082400000,0x0000000082694640,0x0000000087800000)
 Metaspace       used 20666K, capacity 21024K, committed 21296K, reserved 1067008K
  class space    used 2846K, capacity 2940K, committed 2944K, reserved 1048576K
}
Event: 3.389 GC heap before
{Heap before GC invocations=5 (full 1):
 PSYoungGen      total 37888K, used 4880K [0x00000000d6180000, 0x00000000dab80000, 0x0000000100000000)
  eden space 32768K, 0% used [0x00000000d6180000,0x00000000d6180000,0x00000000d8180000)
  from space 5120K, 95% used [0x00000000d8680000,0x00000000d8b441d8,0x00000000d8b80000)
  to   space 5120K, 0% used [0x00000000d8180000,0x00000000d8180000,0x00000000d8680000)
 ParOldGen       total 86016K, used 2641K [0x0000000082400000, 0x0000000087800000, 0x00000000d6180000)
  object space 86016K, 3% used [0x0000000082400000,0x0000000082694640,0x0000000087800000)
 Metaspace       used 20666K, capacity 21024K, committed 21296K, reserved 1067008K
  class space    used 2846K, capacity 2940K, committed 2944K, reserved 1048576K
Event: 3.435 GC heap after
Heap after GC invocations=5 (full 1):
 PSYoungGen      total 37888K, used 0K [0x00000000d6180000, 0x00000000dab80000, 0x0000000100000000)
  eden space 32768K, 0% used [0x00000000d6180000,0x00000000d6180000,0x00000000d8180000)
  from space 5120K, 0% used [0x00000000d8680000,0x00000000d8680000,0x00000000d8b80000)
  to   space 5120K, 0% used [0x00000000d8180000,0x00000000d8180000,0x00000000d8680000)
 ParOldGen       total 51712K, used 4859K [0x0000000082400000, 0x0000000085680000, 0x00000000d6180000)
  object space 51712K, 9% used [0x0000000082400000,0x00000000828bee78,0x0000000085680000)
 Metaspace       used 20666K, capacity 21024K, committed 21296K, reserved 1067008K
  class space    used 2846K, capacity 2940K, committed 2944K, reserved 1048576K
}
Event: 4.714 GC heap before
{Heap before GC invocations=6 (full 1):
 PSYoungGen      total 37888K, used 32768K [0x00000000d6180000, 0x00000000dab80000, 0x0000000100000000)
  eden space 32768K, 100% used [0x00000000d6180000,0x00000000d8180000,0x00000000d8180000)
  from space 5120K, 0% used [0x00000000d8680000,0x00000000d8680000,0x00000000d8b80000)
  to   space 5120K, 0% used [0x00000000d8180000,0x00000000d8180000,0x00000000d8680000)
 ParOldGen       total 51712K, used 4859K [0x0000000082400000, 0x0000000085680000, 0x00000000d6180000)
  object space 51712K, 9% used [0x0000000082400000,0x00000000828bee78,0x0000000085680000)
 Metaspace       used 28262K, capacity 28738K, committed 29312K, reserved 1075200K
  class space    used 3801K, capacity 3929K, committed 3968K, reserved 1048576K
Event: 4.720 GC heap after
Heap after GC invocations=6 (full 1):
 PSYoungGen      total 37888K, used 5119K [0x00000000d6180000, 0x00000000da700000, 0x0000000100000000)
  eden space 32768K, 0% used [0x00000000d6180000,0x00000000d6180000,0x00000000d8180000)
  from space 5120K, 99% used [0x00000000d8180000,0x00000000d867fe48,0x00000000d8680000)
  to   space 9216K, 0% used [0x00000000d9e00000,0x00000000d9e00000,0x00000000da700000)
 ParOldGen       total 51712K, used 6235K [0x0000000082400000, 0x0000000085680000, 0x00000000d6180000)
  object space 51712K, 12% used [0x0000000082400000,0x0000000082a16e10,0x0000000085680000)
 Metaspace       used 28262K, capacity 28738K, committed 29312K, reserved 1075200K
  class space    used 3801K, capacity 3929K, committed 3968K, reserved 1048576K
}

