# JRE version: Java(TM) SE Runtime Environment (8.0_191-b12) (build 1.8.0_191-b12)
# Java VM: Java HotSpot(TM) 64-Bit Server VM (25.191-b12 mixed mode windows-amd64 compressed oops)
Heap:
 PSYoungGen      total 64512K, used 9789K [0x00000000d6180000, 0x00000000dcd00000, 0x0000000100000000)
  eden space 55808K, 17% used [0x00000000d6180000,0x00000000d6b0f770,0x00000000d9800000)
  from space 8704K, 0% used [0x00000000d9800000,0x00000000d9800000,0x00000000da080000)
  to   space 8704K, 0% used [0x00000000dc480000,0x00000000dc480000,0x00000000dcd00000)
 ParOldGen       total 68608K, used 9474K [0x0000000082400000, 0x0000000086700000, 0x00000000d6180000)
  object space 68608K, 13% used [0x0000000082400000,0x0000000082d40908,0x0000000086700000)
 Metaspace       used 37011K, capacity 37552K, committed 38144K, reserved 1081344K
  class space    used 5129K, capacity 5285K, committed 5376K, reserved 1048576K
GC Heap History (10 events):
Event: 2.782 GC heap before
{Heap before GC invocations=5 (full 1):
 PSYoungGen      total 37888K, used 4873K [0x00000000d6180000, 0x00000000dab80000, 0x0000000100000000)
  eden space 32768K, 0% used [0x00000000d6180000,0x00000000d6180000,0x00000000d8180000)
  from space 5120K, 95% used [0x00000000d8680000,0x00000000d8b42588,0x00000000d8b80000)
  to   space 5120K, 0% used [0x00000000d8180000,0x00000000d8180000,0x00000000d8680000)
 ParOldGen       total 86016K, used 2642K [0x0000000082400000, 0x0000000087800000, 0x00000000d6180000)
  object space 86016K, 3% used [0x0000000082400000,0x00000000826949c0,0x0000000087800000)
 Metaspace       used 20658K, capacity 21024K, committed 21296K, reserved 1067008K
  class space    used 2844K, capacity 2940K, committed 2944K, reserved 1048576K
Event: 2.819 GC heap after
Heap after GC invocations=5 (full 1):
 PSYoungGen      total 37888K, used 0K [0x00000000d6180000, 0x00000000dab80000, 0x0000000100000000)
  eden space 32768K, 0% used [0x00000000d6180000,0x00000000d6180000,0x00000000d8180000)
  from space 5120K, 0% used [0x00000000d8680000,0x00000000d8680000,0x00000000d8b80000)
  to   space 5120K, 0% used [0x00000000d8180000,0x00000000d8180000,0x00000000d8680000)
 ParOldGen       total 49152K, used 4857K [0x0000000082400000, 0x0000000085400000, 0x00000000d6180000)
  object space 49152K, 9% used [0x0000000082400000,0x00000000828be478,0x0000000085400000)
 Metaspace       used 20658K, capacity 21024K, committed 21296K, reserved 1067008K
  class space    used 2844K, capacity 2940K, committed 2944K, reserved 1048576K
}
Event: 3.904 GC heap before
{Heap before GC invocations=6 (full 1):
 PSYoungGen      total 37888K, used 32768K [0x00000000d6180000, 0x00000000dab80000, 0x0000000100000000)
  eden space 32768K, 100% used [0x00000000d6180000,0x00000000d8180000,0x00000000d8180000)
  from space 5120K, 0% used [0x00000000d8680000,0x00000000d8680000,0x00000000d8b80000)
  to   space 5120K, 0% used [0x00000000d8180000,0x00000000d8180000,0x00000000d8680000)
 ParOldGen       total 49152K, used 4857K [0x0000000082400000, 0x0000000085400000, 0x00000000d6180000)
  object space 49152K, 9% used [0x0000000082400000,0x00000000828be478,0x0000000085400000)
 Metaspace       used 28258K, capacity 28738K, committed 29312K, reserved 1075200K
  class space    used 3799K, capacity 3929K, committed 3968K, reserved 1048576K
Event: 3.911 GC heap after
Heap after GC invocations=6 (full 1):
 PSYoungGen      total 37888K, used 5118K [0x00000000d6180000, 0x00000000daa00000, 0x0000000100000000)
  eden space 32768K, 0% used [0x00000000d6180000,0x00000000d6180000,0x00000000d8180000)
  from space 5120K, 99% used [0x00000000d8180000,0x00000000d867f908,0x00000000d8680000)
  to   space 9216K, 0% used [0x00000000da100000,0x00000000da100000,0x00000000daa00000)
 ParOldGen       total 49152K, used 6300K [0x0000000082400000, 0x0000000085400000, 0x00000000d6180000)
  object space 49152K, 12% used [0x0000000082400000,0x0000000082a27338,0x0000000085400000)
 Metaspace       used 28258K, capacity 28738K, committed 29312K, reserved 1075200K
  class space    used 3799K, capacity 3929K, committed 3968K, reserved 1048576K
}
Event: 4.967 GC heap before
{Heap before GC invocations=7 (full 1):
 PSYoungGen      total 37888K, used 37886K [0x00000000d6180000, 0x00000000daa00000, 0x0000000100000000)
  eden space 32768K, 100% used [0x00000000d6180000,0x00000000d8180000,0x00000000d8180000)
  from space 5120K, 99% used [0x00000000d8180000,0x00000000d867f908,0x00000000d8680000)
  to   space 9216K, 0% used [0x00000000da100000,0x00000000da100000,0x00000000daa00000)
 ParOldGen       total 49152K, used 6300K [0x0000000082400000, 0x0000000085400000, 0x00000000d6180000)
  object space 49152K, 12% used [0x0000000082400000,0x0000000082a27338,0x0000000085400000)
 Metaspace       used 32047K, capacity 32526K, committed 33024K, reserved 1077248K
  class space    used 4462K, capacity 4583K, committed 4608K, reserved 1048576K
Event: 4.996 GC heap after
Heap after GC invocations=7 (full 1):
 PSYoungGen      total 64000K, used 5950K [0x00000000d6180000, 0x00000000da900000, 0x0000000100000000)
  eden space 55808K, 0% used [0x00000000d6180000,0x00000000d6180000,0x00000000d9800000)
  from space 8192K, 72% used [0x00000000da100000,0x00000000da6cfac8,0x00000000da900000)
  to   space 8704K, 0% used [0x00000000d9800000,0x00000000d9800000,0x00000000da080000)
 ParOldGen       total 49152K, used 6300K [0x0000000082400000, 0x0000000085400000, 0x00000000d6180000)
  object space 49152K, 12% used [0x0000000082400000,0x0000000082a27338,0x0000000085400000)
 Metaspace       used 32047K, capacity 32526K, committed 33024K, reserved 1077248K
  class space    used 4462K, capacity 4583K, committed 4608K, reserved 1048576K
}
Event: 5.468 GC heap before
{Heap before GC invocations=8 (full 1):
 PSYoungGen      total 64000K, used 19015K [0x00000000d6180000, 0x00000000da900000, 0x0000000100000000)
  eden space 55808K, 23% used [0x00000000d6180000,0x00000000d6e42348,0x00000000d9800000)
  from space 8192K, 72% used [0x00000000da100000,0x00000000da6cfac8,0x00000000da900000)
  to   space 8704K, 0% used [0x00000000d9800000,0x00000000d9800000,0x00000000da080000)
 ParOldGen       total 49152K, used 6300K [0x0000000082400000, 0x0000000085400000, 0x00000000d6180000)
  object space 49152K, 12% used [0x0000000082400000,0x0000000082a27338,0x0000000085400000)
 Metaspace       used 34486K, capacity 34994K, committed 35456K, reserved 1079296K
  class space    used 4759K, capacity 4913K, committed 4992K, reserved 1048576K
Event: 5.475 GC heap after
Heap after GC invocations=8 (full 1):
 PSYoungGen      total 64512K, used 5037K [0x00000000d6180000, 0x00000000dcd00000, 0x0000000100000000)
  eden space 55808K, 0% used [0x00000000d6180000,0x00000000d6180000,0x00000000d9800000)
  from space 8704K, 57% used [0x00000000d9800000,0x00000000d9ceb608,0x00000000da080000)
  to   space 8704K, 0% used [0x00000000dc480000,0x00000000dc480000,0x00000000dcd00000)
 ParOldGen       total 49152K, used 6308K [0x0000000082400000, 0x0000000085400000, 0x00000000d6180000)
  object space 49152K, 12% used [0x0000000082400000,0x0000000082a29338,0x0000000085400000)
 Metaspace       used 34486K, capacity 34994K, committed 35456K, reserved 1079296K
  class space    used 4759K, capacity 4913K, committed 4992K, reserved 1048576K
}
Event: 5.475 GC heap before
{Heap before GC invocations=9 (full 2):
 PSYoungGen      total 64512K, used 5037K [0x00000000d6180000, 0x00000000dcd00000, 0x0000000100000000)
  eden space 55808K, 0% used [0x00000000d6180000,0x00000000d6180000,0x00000000d9800000)
  from space 8704K, 57% used [0x00000000d9800000,0x00000000d9ceb608,0x00000000da080000)
  to   space 8704K, 0% used [0x00000000dc480000,0x00000000dc480000,0x00000000dcd00000)
 ParOldGen       total 49152K, used 6308K [0x0000000082400000, 0x0000000085400000, 0x00000000d6180000)
  object space 49152K, 12% used [0x0000000082400000,0x0000000082a29338,0x0000000085400000)
 Metaspace       used 34486K, capacity 34994K, committed 35456K, reserved 1079296K
  class space    used 4759K, capacity 4913K, committed 4992K, reserved 1048576K
Event: 5.513 GC heap after
Heap after GC invocations=9 (full 2):
 PSYoungGen      total 64512K, used 0K [0x00000000d6180000, 0x00000000dcd00000, 0x0000000100000000)
  eden space 55808K, 0% used [0x00000000d6180000,0x00000000d6180000,0x00000000d9800000)
  from space 8704K, 0% used [0x00000000d9800000,0x00000000d9800000,0x00000000da080000)
  to   space 8704K, 0% used [0x00000000dc480000,0x00000000dc480000,0x00000000dcd00000)
 ParOldGen       total 68608K, used 9474K [0x0000000082400000, 0x0000000086700000, 0x00000000d6180000)
  object space 68608K, 13% used [0x0000000082400000,0x0000000082d40908,0x0000000086700000)
 Metaspace       used 34486K, capacity 34994K, committed 35456K, reserved 1079296K
  class space    used 4759K, capacity 4913K, committed 4992K, reserved 1048576K
}

