# JRE version: Java(TM) SE Runtime Environment (8.0_191-b12) (build 1.8.0_191-b12)
# Java VM: Java HotSpot(TM) 64-Bit Server VM (25.191-b12 mixed mode windows-amd64 compressed oops)
Heap:
 PSYoungGen      total 63488K, used 8120K [0x00000000d6180000, 0x00000000da900000, 0x0000000100000000)
  eden space 55808K, 3% used [0x00000000d6180000,0x00000000d639a628,0x00000000d9800000)
  from space 7680K, 77% used [0x00000000da180000,0x00000000da753dd0,0x00000000da900000)
  to   space 8704K, 0% used [0x00000000d9800000,0x00000000d9800000,0x00000000da080000)
 ParOldGen       total 48640K, used 6329K [0x0000000082400000, 0x0000000085380000, 0x00000000d6180000)
  object space 48640K, 13% used [0x0000000082400000,0x0000000082a2e698,0x0000000085380000)
 Metaspace       used 32334K, capacity 32816K, committed 33408K, reserved 1077248K
  class space    used 4505K, capacity 4616K, committed 4736K, reserved 1048576K
GC Heap History (10 events):
Event: 3.988 GC heap before
{Heap before GC invocations=3 (full 0):
 PSYoungGen      total 37888K, used 37531K [0x00000000d6180000, 0x00000000d8b80000, 0x0000000100000000)
  eden space 32768K, 100% used [0x00000000d6180000,0x00000000d8180000,0x00000000d8180000)
  from space 5120K, 93% used [0x00000000d8680000,0x00000000d8b26d10,0x00000000d8b80000)
  to   space 5120K, 0% used [0x00000000d8180000,0x00000000d8180000,0x00000000d8680000)
 ParOldGen       total 86016K, used 16K [0x0000000082400000, 0x0000000087800000, 0x00000000d6180000)
  object space 86016K, 0% used [0x0000000082400000,0x0000000082404000,0x0000000087800000)
 Metaspace       used 20299K, capacity 20704K, committed 21120K, reserved 1067008K
  class space    used 2752K, capacity 2876K, committed 2944K, reserved 1048576K
Event: 4.004 GC heap after
Heap after GC invocations=3 (full 0):
 PSYoungGen      total 37888K, used 5097K [0x00000000d6180000, 0x00000000d8b80000, 0x0000000100000000)
  eden space 32768K, 0% used [0x00000000d6180000,0x00000000d6180000,0x00000000d8180000)
  from space 5120K, 99% used [0x00000000d8180000,0x00000000d867a588,0x00000000d8680000)
  to   space 5120K, 0% used [0x00000000d8680000,0x00000000d8680000,0x00000000d8b80000)
 ParOldGen       total 86016K, used 2638K [0x0000000082400000, 0x0000000087800000, 0x00000000d6180000)
  object space 86016K, 3% used [0x0000000082400000,0x0000000082693a08,0x0000000087800000)
 Metaspace       used 20299K, capacity 20704K, committed 21120K, reserved 1067008K
  class space    used 2752K, capacity 2876K, committed 2944K, reserved 1048576K
}
Event: 4.064 GC heap before
{Heap before GC invocations=4 (full 0):
 PSYoungGen      total 37888K, used 6898K [0x00000000d6180000, 0x00000000d8b80000, 0x0000000100000000)
  eden space 32768K, 5% used [0x00000000d6180000,0x00000000d6342670,0x00000000d8180000)
  from space 5120K, 99% used [0x00000000d8180000,0x00000000d867a588,0x00000000d8680000)
  to   space 5120K, 0% used [0x00000000d8680000,0x00000000d8680000,0x00000000d8b80000)
 ParOldGen       total 86016K, used 2638K [0x0000000082400000, 0x0000000087800000, 0x00000000d6180000)
  object space 86016K, 3% used [0x0000000082400000,0x0000000082693a08,0x0000000087800000)
 Metaspace       used 20666K, capacity 21088K, committed 21296K, reserved 1067008K
  class space    used 2843K, capacity 2940K, committed 2944K, reserved 1048576K
Event: 4.072 GC heap after
Heap after GC invocations=4 (full 0):
 PSYoungGen      total 37888K, used 4889K [0x00000000d6180000, 0x00000000dab80000, 0x0000000100000000)
  eden space 32768K, 0% used [0x00000000d6180000,0x00000000d6180000,0x00000000d8180000)
  from space 5120K, 95% used [0x00000000d8680000,0x00000000d8b465b8,0x00000000d8b80000)
  to   space 5120K, 0% used [0x00000000d8180000,0x00000000d8180000,0x00000000d8680000)
 ParOldGen       total 86016K, used 2646K [0x0000000082400000, 0x0000000087800000, 0x00000000d6180000)
  object space 86016K, 3% used [0x0000000082400000,0x0000000082695a08,0x0000000087800000)
 Metaspace       used 20666K, capacity 21088K, committed 21296K, reserved 1067008K
  class space    used 2843K, capacity 2940K, committed 2944K, reserved 1048576K
}
Event: 4.072 GC heap before
{Heap before GC invocations=5 (full 1):
 PSYoungGen      total 37888K, used 4889K [0x00000000d6180000, 0x00000000dab80000, 0x0000000100000000)
  eden space 32768K, 0% used [0x00000000d6180000,0x00000000d6180000,0x00000000d8180000)
  from space 5120K, 95% used [0x00000000d8680000,0x00000000d8b465b8,0x00000000d8b80000)
  to   space 5120K, 0% used [0x00000000d8180000,0x00000000d8180000,0x00000000d8680000)
 ParOldGen       total 86016K, used 2646K [0x0000000082400000, 0x0000000087800000, 0x00000000d6180000)
  object space 86016K, 3% used [0x0000000082400000,0x0000000082695a08,0x0000000087800000)
 Metaspace       used 20666K, capacity 21088K, committed 21296K, reserved 1067008K
  class space    used 2843K, capacity 2940K, committed 2944K, reserved 1048576K
Event: 4.117 GC heap after
Heap after GC invocations=5 (full 1):
 PSYoungGen      total 37888K, used 0K [0x00000000d6180000, 0x00000000dab80000, 0x0000000100000000)
  eden space 32768K, 0% used [0x00000000d6180000,0x00000000d6180000,0x00000000d8180000)
  from space 5120K, 0% used [0x00000000d8680000,0x00000000d8680000,0x00000000d8b80000)
  to   space 5120K, 0% used [0x00000000d8180000,0x00000000d8180000,0x00000000d8680000)
 ParOldGen       total 48640K, used 4858K [0x0000000082400000, 0x0000000085380000, 0x00000000d6180000)
  object space 48640K, 9% used [0x0000000082400000,0x00000000828bead8,0x0000000085380000)
 Metaspace       used 20666K, capacity 21088K, committed 21296K, reserved 1067008K
  class space    used 2843K, capacity 2940K, committed 2944K, reserved 1048576K
}
Event: 5.479 GC heap before
{Heap before GC invocations=6 (full 1):
 PSYoungGen      total 37888K, used 32768K [0x00000000d6180000, 0x00000000dab80000, 0x0000000100000000)
  eden space 32768K, 100% used [0x00000000d6180000,0x00000000d8180000,0x00000000d8180000)
  from space 5120K, 0% used [0x00000000d8680000,0x00000000d8680000,0x00000000d8b80000)
  to   space 5120K, 0% used [0x00000000d8180000,0x00000000d8180000,0x00000000d8680000)
 ParOldGen       total 48640K, used 4858K [0x0000000082400000, 0x0000000085380000, 0x00000000d6180000)
  object space 48640K, 9% used [0x0000000082400000,0x00000000828bead8,0x0000000085380000)
 Metaspace       used 28242K, capacity 28674K, committed 29056K, reserved 1075200K
  class space    used 3799K, capacity 3929K, committed 3968K, reserved 1048576K
Event: 5.486 GC heap after
Heap after GC invocations=6 (full 1):
 PSYoungGen      total 37888K, used 5114K [0x00000000d6180000, 0x00000000daa80000, 0x0000000100000000)
  eden space 32768K, 0% used [0x00000000d6180000,0x00000000d6180000,0x00000000d8180000)
  from space 5120K, 99% used [0x00000000d8180000,0x00000000d867e8b0,0x00000000d8680000)
  to   space 9216K, 0% used [0x00000000da180000,0x00000000da180000,0x00000000daa80000)
 ParOldGen       total 48640K, used 6321K [0x0000000082400000, 0x0000000085380000, 0x00000000d6180000)
  object space 48640K, 12% used [0x0000000082400000,0x0000000082a2c698,0x0000000085380000)
 Metaspace       used 28242K, capacity 28674K, committed 29056K, reserved 1075200K
  class space    used 3799K, capacity 3929K, committed 3968K, reserved 1048576K
}
Event: 6.616 GC heap before
{Heap before GC invocations=7 (full 1):
 PSYoungGen      total 37888K, used 37882K [0x00000000d6180000, 0x00000000daa80000, 0x0000000100000000)
  eden space 32768K, 100% used [0x00000000d6180000,0x00000000d8180000,0x00000000d8180000)
  from space 5120K, 99% used [0x00000000d8180000,0x00000000d867e8b0,0x00000000d8680000)
  to   space 9216K, 0% used [0x00000000da180000,0x00000000da180000,0x00000000daa80000)
 ParOldGen       total 48640K, used 6321K [0x0000000082400000, 0x0000000085380000, 0x00000000d6180000)
  object space 48640K, 12% used [0x0000000082400000,0x0000000082a2c698,0x0000000085380000)
 Metaspace       used 32025K, capacity 32462K, committed 33024K, reserved 1077248K
  class space    used 4461K, capacity 4583K, committed 4608K, reserved 1048576K
Event: 6.636 GC heap after
Heap after GC invocations=7 (full 1):
 PSYoungGen      total 63488K, used 5967K [0x00000000d6180000, 0x00000000da900000, 0x0000000100000000)
  eden space 55808K, 0% used [0x00000000d6180000,0x00000000d6180000,0x00000000d9800000)
  from space 7680K, 77% used [0x00000000da180000,0x00000000da753dd0,0x00000000da900000)
  to   space 8704K, 0% used [0x00000000d9800000,0x00000000d9800000,0x00000000da080000)
 ParOldGen       total 48640K, used 6329K [0x0000000082400000, 0x0000000085380000, 0x00000000d6180000)
  object space 48640K, 13% used [0x0000000082400000,0x0000000082a2e698,0x0000000085380000)
 Metaspace       used 32025K, capacity 32462K, committed 33024K, reserved 1077248K
  class space    used 4461K, capacity 4583K, committed 4608K, reserved 1048576K
}

