# JRE version: Java(TM) SE Runtime Environment (8.0_191-b12) (build 1.8.0_191-b12)
# Java VM: Java HotSpot(TM) 64-Bit Server VM (25.191-b12 mixed mode windows-amd64 compressed oops)
Heap:
 PSYoungGen      total 62464K, used 3109K [0x00000000d6180000, 0x00000000dc580000, 0x0000000100000000)
  eden space 53760K, 5% used [0x00000000d6180000,0x00000000d6489610,0x00000000d9600000)
  from space 8704K, 0% used [0x00000000d9600000,0x00000000d9600000,0x00000000d9e80000)
  to   space 8704K, 0% used [0x00000000dbd00000,0x00000000dbd00000,0x00000000dc580000)
 ParOldGen       total 50688K, used 9460K [0x0000000082400000, 0x0000000085580000, 0x00000000d6180000)
  object space 50688K, 18% used [0x0000000082400000,0x0000000082d3d248,0x0000000085580000)
 Metaspace       used 34912K, capacity 35442K, committed 35968K, reserved 1081344K
  class space    used 4829K, capacity 4977K, committed 4992K, reserved 1048576K
GC Heap History (10 events):
Event: 3.788 GC heap before
{Heap before GC invocations=5 (full 1):
 PSYoungGen      total 37888K, used 4889K [0x00000000d6180000, 0x00000000dab80000, 0x0000000100000000)
  eden space 32768K, 0% used [0x00000000d6180000,0x00000000d6180000,0x00000000d8180000)
  from space 5120K, 95% used [0x00000000d8680000,0x00000000d8b46598,0x00000000d8b80000)
  to   space 5120K, 0% used [0x00000000d8180000,0x00000000d8180000,0x00000000d8680000)
 ParOldGen       total 86016K, used 2611K [0x0000000082400000, 0x0000000087800000, 0x00000000d6180000)
  object space 86016K, 3% used [0x0000000082400000,0x000000008268cec0,0x0000000087800000)
 Metaspace       used 20684K, capacity 21088K, committed 21296K, reserved 1067008K
  class space    used 2846K, capacity 2940K, committed 2944K, reserved 1048576K
Event: 3.864 GC heap after
Heap after GC invocations=5 (full 1):
 PSYoungGen      total 37888K, used 0K [0x00000000d6180000, 0x00000000dab80000, 0x0000000100000000)
  eden space 32768K, 0% used [0x00000000d6180000,0x00000000d6180000,0x00000000d8180000)
  from space 5120K, 0% used [0x00000000d8680000,0x00000000d8680000,0x00000000d8b80000)
  to   space 5120K, 0% used [0x00000000d8180000,0x00000000d8180000,0x00000000d8680000)
 ParOldGen       total 50688K, used 4856K [0x0000000082400000, 0x0000000085580000, 0x00000000d6180000)
  object space 50688K, 9% used [0x0000000082400000,0x00000000828be078,0x0000000085580000)
 Metaspace       used 20684K, capacity 21088K, committed 21296K, reserved 1067008K
  class space    used 2846K, capacity 2940K, committed 2944K, reserved 1048576K
}
Event: 5.659 GC heap before
{Heap before GC invocations=6 (full 1):
 PSYoungGen      total 37888K, used 32768K [0x00000000d6180000, 0x00000000dab80000, 0x0000000100000000)
  eden space 32768K, 100% used [0x00000000d6180000,0x00000000d8180000,0x00000000d8180000)
  from space 5120K, 0% used [0x00000000d8680000,0x00000000d8680000,0x00000000d8b80000)
  to   space 5120K, 0% used [0x00000000d8180000,0x00000000d8180000,0x00000000d8680000)
 ParOldGen       total 50688K, used 4856K [0x0000000082400000, 0x0000000085580000, 0x00000000d6180000)
  object space 50688K, 9% used [0x0000000082400000,0x00000000828be078,0x0000000085580000)
 Metaspace       used 28272K, capacity 28738K, committed 29056K, reserved 1075200K
  class space    used 3802K, capacity 3929K, committed 3968K, reserved 1048576K
Event: 5.667 GC heap after
Heap after GC invocations=6 (full 1):
 PSYoungGen      total 37888K, used 5112K [0x00000000d6180000, 0x00000000da800000, 0x0000000100000000)
  eden space 32768K, 0% used [0x00000000d6180000,0x00000000d6180000,0x00000000d8180000)
  from space 5120K, 99% used [0x00000000d8180000,0x00000000d867e330,0x00000000d8680000)
  to   space 9216K, 0% used [0x00000000d9f00000,0x00000000d9f00000,0x00000000da800000)
 ParOldGen       total 50688K, used 6326K [0x0000000082400000, 0x0000000085580000, 0x00000000d6180000)
  object space 50688K, 12% used [0x0000000082400000,0x0000000082a2dae8,0x0000000085580000)
 Metaspace       used 28272K, capacity 28738K, committed 29056K, reserved 1075200K
  class space    used 3802K, capacity 3929K, committed 3968K, reserved 1048576K
}
Event: 6.902 GC heap before
{Heap before GC invocations=7 (full 1):
 PSYoungGen      total 37888K, used 37880K [0x00000000d6180000, 0x00000000da800000, 0x0000000100000000)
  eden space 32768K, 100% used [0x00000000d6180000,0x00000000d8180000,0x00000000d8180000)
  from space 5120K, 99% used [0x00000000d8180000,0x00000000d867e330,0x00000000d8680000)
  to   space 9216K, 0% used [0x00000000d9f00000,0x00000000d9f00000,0x00000000da800000)
 ParOldGen       total 50688K, used 6326K [0x0000000082400000, 0x0000000085580000, 0x00000000d6180000)
  object space 50688K, 12% used [0x0000000082400000,0x0000000082a2dae8,0x0000000085580000)
 Metaspace       used 32093K, capacity 32526K, committed 33024K, reserved 1077248K
  class space    used 4469K, capacity 4583K, committed 4608K, reserved 1048576K
Event: 6.940 GC heap after
Heap after GC invocations=7 (full 1):
 PSYoungGen      total 61952K, used 5967K [0x00000000d6180000, 0x00000000da700000, 0x0000000100000000)
  eden space 53760K, 0% used [0x00000000d6180000,0x00000000d6180000,0x00000000d9600000)
  from space 8192K, 72% used [0x00000000d9f00000,0x00000000da4d3e88,0x00000000da700000)
  to   space 8704K, 0% used [0x00000000d9600000,0x00000000d9600000,0x00000000d9e80000)
 ParOldGen       total 50688K, used 6334K [0x0000000082400000, 0x0000000085580000, 0x00000000d6180000)
  object space 50688K, 12% used [0x0000000082400000,0x0000000082a2fae8,0x0000000085580000)
 Metaspace       used 32093K, capacity 32526K, committed 33024K, reserved 1077248K
  class space    used 4469K, capacity 4583K, committed 4608K, reserved 1048576K
}
Event: 7.963 GC heap before
{Heap before GC invocations=8 (full 1):
 PSYoungGen      total 61952K, used 18640K [0x00000000d6180000, 0x00000000da700000, 0x0000000100000000)
  eden space 53760K, 23% used [0x00000000d6180000,0x00000000d6de02e8,0x00000000d9600000)
  from space 8192K, 72% used [0x00000000d9f00000,0x00000000da4d3e88,0x00000000da700000)
  to   space 8704K, 0% used [0x00000000d9600000,0x00000000d9600000,0x00000000d9e80000)
 ParOldGen       total 50688K, used 6334K [0x0000000082400000, 0x0000000085580000, 0x00000000d6180000)
  object space 50688K, 12% used [0x0000000082400000,0x0000000082a2fae8,0x0000000085580000)
 Metaspace       used 34574K, capacity 35058K, committed 35456K, reserved 1079296K
  class space    used 4763K, capacity 4913K, committed 4992K, reserved 1048576K
Event: 7.971 GC heap after
Heap after GC invocations=8 (full 1):
 PSYoungGen      total 62464K, used 5089K [0x00000000d6180000, 0x00000000dc580000, 0x0000000100000000)
  eden space 53760K, 0% used [0x00000000d6180000,0x00000000d6180000,0x00000000d9600000)
  from space 8704K, 58% used [0x00000000d9600000,0x00000000d9af8618,0x00000000d9e80000)
  to   space 8704K, 0% used [0x00000000dbd00000,0x00000000dbd00000,0x00000000dc580000)
 ParOldGen       total 50688K, used 6342K [0x0000000082400000, 0x0000000085580000, 0x00000000d6180000)
  object space 50688K, 12% used [0x0000000082400000,0x0000000082a31ae8,0x0000000085580000)
 Metaspace       used 34574K, capacity 35058K, committed 35456K, reserved 1079296K
  class space    used 4763K, capacity 4913K, committed 4992K, reserved 1048576K
}
Event: 7.971 GC heap before
{Heap before GC invocations=9 (full 2):
 PSYoungGen      total 62464K, used 5089K [0x00000000d6180000, 0x00000000dc580000, 0x0000000100000000)
  eden space 53760K, 0% used [0x00000000d6180000,0x00000000d6180000,0x00000000d9600000)
  from space 8704K, 58% used [0x00000000d9600000,0x00000000d9af8618,0x00000000d9e80000)
  to   space 8704K, 0% used [0x00000000dbd00000,0x00000000dbd00000,0x00000000dc580000)
 ParOldGen       total 50688K, used 6342K [0x0000000082400000, 0x0000000085580000, 0x00000000d6180000)
  object space 50688K, 12% used [0x0000000082400000,0x0000000082a31ae8,0x0000000085580000)
 Metaspace       used 34574K, capacity 35058K, committed 35456K, reserved 1079296K
  class space    used 4763K, capacity 4913K, committed 4992K, reserved 1048576K
Event: 8.020 GC heap after
Heap after GC invocations=9 (full 2):
 PSYoungGen      total 62464K, used 0K [0x00000000d6180000, 0x00000000dc580000, 0x0000000100000000)
  eden space 53760K, 0% used [0x00000000d6180000,0x00000000d6180000,0x00000000d9600000)
  from space 8704K, 0% used [0x00000000d9600000,0x00000000d9600000,0x00000000d9e80000)
  to   space 8704K, 0% used [0x00000000dbd00000,0x00000000dbd00000,0x00000000dc580000)
 ParOldGen       total 50688K, used 9460K [0x0000000082400000, 0x0000000085580000, 0x00000000d6180000)
  object space 50688K, 18% used [0x0000000082400000,0x0000000082d3d248,0x0000000085580000)
 Metaspace       used 34574K, capacity 35058K, committed 35456K, reserved 1079296K
  class space    used 4763K, capacity 4913K, committed 4992K, reserved 1048576K
}

