# JRE version: Java(TM) SE Runtime Environment (8.0_191-b12) (build 1.8.0_191-b12)
# Java VM: Java HotSpot(TM) 64-Bit Server VM (25.191-b12 mixed mode windows-amd64 compressed oops)
Heap:
 PSYoungGen      total 62464K, used 2073K [0x00000000d6180000, 0x00000000dc900000, 0x0000000100000000)
  eden space 53760K, 3% used [0x00000000d6180000,0x00000000d63866f0,0x00000000d9600000)
  from space 8704K, 0% used [0x00000000d9600000,0x00000000d9600000,0x00000000d9e80000)
  to   space 8704K, 0% used [0x00000000dc080000,0x00000000dc080000,0x00000000dc900000)
 ParOldGen       total 50176K, used 9533K [0x0000000082400000, 0x0000000085500000, 0x00000000d6180000)
  object space 50176K, 19% used [0x0000000082400000,0x0000000082d4f7e8,0x0000000085500000)
 Metaspace       used 34753K, capacity 35282K, committed 35712K, reserved 1079296K
  class space    used 4809K, capacity 4945K, committed 4992K, reserved 1048576K
GC Heap History (10 events):
Event: 2.577 GC heap before
{Heap before GC invocations=5 (full 1):
 PSYoungGen      total 37888K, used 4921K [0x00000000d6180000, 0x00000000dab80000, 0x0000000100000000)
  eden space 32768K, 0% used [0x00000000d6180000,0x00000000d6180000,0x00000000d8180000)
  from space 5120K, 96% used [0x00000000d8680000,0x00000000d8b4e598,0x00000000d8b80000)
  to   space 5120K, 0% used [0x00000000d8180000,0x00000000d8180000,0x00000000d8680000)
 ParOldGen       total 86016K, used 2596K [0x0000000082400000, 0x0000000087800000, 0x00000000d6180000)
  object space 86016K, 3% used [0x0000000082400000,0x0000000082689078,0x0000000087800000)
 Metaspace       used 20672K, capacity 21088K, committed 21296K, reserved 1067008K
  class space    used 2846K, capacity 2940K, committed 2944K, reserved 1048576K
Event: 2.613 GC heap after
Heap after GC invocations=5 (full 1):
 PSYoungGen      total 37888K, used 0K [0x00000000d6180000, 0x00000000dab80000, 0x0000000100000000)
  eden space 32768K, 0% used [0x00000000d6180000,0x00000000d6180000,0x00000000d8180000)
  from space 5120K, 0% used [0x00000000d8680000,0x00000000d8680000,0x00000000d8b80000)
  to   space 5120K, 0% used [0x00000000d8180000,0x00000000d8180000,0x00000000d8680000)
 ParOldGen       total 50176K, used 4852K [0x0000000082400000, 0x0000000085500000, 0x00000000d6180000)
  object space 50176K, 9% used [0x0000000082400000,0x00000000828bd330,0x0000000085500000)
 Metaspace       used 20672K, capacity 21088K, committed 21296K, reserved 1067008K
  class space    used 2846K, capacity 2940K, committed 2944K, reserved 1048576K
}
Event: 3.656 GC heap before
{Heap before GC invocations=6 (full 1):
 PSYoungGen      total 37888K, used 32763K [0x00000000d6180000, 0x00000000dab80000, 0x0000000100000000)
  eden space 32768K, 99% used [0x00000000d6180000,0x00000000d817ec88,0x00000000d8180000)
  from space 5120K, 0% used [0x00000000d8680000,0x00000000d8680000,0x00000000d8b80000)
  to   space 5120K, 0% used [0x00000000d8180000,0x00000000d8180000,0x00000000d8680000)
 ParOldGen       total 50176K, used 4852K [0x0000000082400000, 0x0000000085500000, 0x00000000d6180000)
  object space 50176K, 9% used [0x0000000082400000,0x00000000828bd330,0x0000000085500000)
 Metaspace       used 28248K, capacity 28674K, committed 29056K, reserved 1075200K
  class space    used 3799K, capacity 3929K, committed 3968K, reserved 1048576K
Event: 3.664 GC heap after
Heap after GC invocations=6 (full 1):
 PSYoungGen      total 37888K, used 5097K [0x00000000d6180000, 0x00000000da900000, 0x0000000100000000)
  eden space 32768K, 0% used [0x00000000d6180000,0x00000000d6180000,0x00000000d8180000)
  from space 5120K, 99% used [0x00000000d8180000,0x00000000d867a730,0x00000000d8680000)
  to   space 9216K, 0% used [0x00000000da000000,0x00000000da000000,0x00000000da900000)
 ParOldGen       total 50176K, used 6341K [0x0000000082400000, 0x0000000085500000, 0x00000000d6180000)
  object space 50176K, 12% used [0x0000000082400000,0x0000000082a31580,0x0000000085500000)
 Metaspace       used 28248K, capacity 28674K, committed 29056K, reserved 1075200K
  class space    used 3799K, capacity 3929K, committed 3968K, reserved 1048576K
}
Event: 4.514 GC heap before
{Heap before GC invocations=7 (full 1):
 PSYoungGen      total 37888K, used 37865K [0x00000000d6180000, 0x00000000da900000, 0x0000000100000000)
  eden space 32768K, 100% used [0x00000000d6180000,0x00000000d8180000,0x00000000d8180000)
  from space 5120K, 99% used [0x00000000d8180000,0x00000000d867a730,0x00000000d8680000)
  to   space 9216K, 0% used [0x00000000da000000,0x00000000da000000,0x00000000da900000)
 ParOldGen       total 50176K, used 6341K [0x0000000082400000, 0x0000000085500000, 0x00000000d6180000)
  object space 50176K, 12% used [0x0000000082400000,0x0000000082a31580,0x0000000085500000)
 Metaspace       used 32049K, capacity 32526K, committed 33024K, reserved 1077248K
  class space    used 4463K, capacity 4583K, committed 4608K, reserved 1048576K
Event: 4.524 GC heap after
Heap after GC invocations=7 (full 1):
 PSYoungGen      total 60928K, used 6025K [0x00000000d6180000, 0x00000000da700000, 0x0000000100000000)
  eden space 53760K, 0% used [0x00000000d6180000,0x00000000d6180000,0x00000000d9600000)
  from space 7168K, 84% used [0x00000000da000000,0x00000000da5e27a0,0x00000000da700000)
  to   space 8704K, 0% used [0x00000000d9600000,0x00000000d9600000,0x00000000d9e80000)
 ParOldGen       total 50176K, used 6349K [0x0000000082400000, 0x0000000085500000, 0x00000000d6180000)
  object space 50176K, 12% used [0x0000000082400000,0x0000000082a33580,0x0000000085500000)
 Metaspace       used 32049K, capacity 32526K, committed 33024K, reserved 1077248K
  class space    used 4463K, capacity 4583K, committed 4608K, reserved 1048576K
}
Event: 5.070 GC heap before
{Heap before GC invocations=8 (full 1):
 PSYoungGen      total 60928K, used 18864K [0x00000000d6180000, 0x00000000da700000, 0x0000000100000000)
  eden space 53760K, 23% used [0x00000000d6180000,0x00000000d6e09a50,0x00000000d9600000)
  from space 7168K, 84% used [0x00000000da000000,0x00000000da5e27a0,0x00000000da700000)
  to   space 8704K, 0% used [0x00000000d9600000,0x00000000d9600000,0x00000000d9e80000)
 ParOldGen       total 50176K, used 6349K [0x0000000082400000, 0x0000000085500000, 0x00000000d6180000)
  object space 50176K, 12% used [0x0000000082400000,0x0000000082a33580,0x0000000085500000)
 Metaspace       used 34578K, capacity 35058K, committed 35456K, reserved 1079296K
  class space    used 4767K, capacity 4913K, committed 4992K, reserved 1048576K
Event: 5.087 GC heap after
Heap after GC invocations=8 (full 1):
 PSYoungGen      total 62464K, used 5040K [0x00000000d6180000, 0x00000000dc900000, 0x0000000100000000)
  eden space 53760K, 0% used [0x00000000d6180000,0x00000000d6180000,0x00000000d9600000)
  from space 8704K, 57% used [0x00000000d9600000,0x00000000d9aec290,0x00000000d9e80000)
  to   space 8704K, 0% used [0x00000000dc080000,0x00000000dc080000,0x00000000dc900000)
 ParOldGen       total 50176K, used 6357K [0x0000000082400000, 0x0000000085500000, 0x00000000d6180000)
  object space 50176K, 12% used [0x0000000082400000,0x0000000082a35580,0x0000000085500000)
 Metaspace       used 34578K, capacity 35058K, committed 35456K, reserved 1079296K
  class space    used 4767K, capacity 4913K, committed 4992K, reserved 1048576K
}
Event: 5.087 GC heap before
{Heap before GC invocations=9 (full 2):
 PSYoungGen      total 62464K, used 5040K [0x00000000d6180000, 0x00000000dc900000, 0x0000000100000000)
  eden space 53760K, 0% used [0x00000000d6180000,0x00000000d6180000,0x00000000d9600000)
  from space 8704K, 57% used [0x00000000d9600000,0x00000000d9aec290,0x00000000d9e80000)
  to   space 8704K, 0% used [0x00000000dc080000,0x00000000dc080000,0x00000000dc900000)
 ParOldGen       total 50176K, used 6357K [0x0000000082400000, 0x0000000085500000, 0x00000000d6180000)
  object space 50176K, 12% used [0x0000000082400000,0x0000000082a35580,0x0000000085500000)
 Metaspace       used 34578K, capacity 35058K, committed 35456K, reserved 1079296K
  class space    used 4767K, capacity 4913K, committed 4992K, reserved 1048576K
Event: 5.170 GC heap after
Heap after GC invocations=9 (full 2):
 PSYoungGen      total 62464K, used 0K [0x00000000d6180000, 0x00000000dc900000, 0x0000000100000000)
  eden space 53760K, 0% used [0x00000000d6180000,0x00000000d6180000,0x00000000d9600000)
  from space 8704K, 0% used [0x00000000d9600000,0x00000000d9600000,0x00000000d9e80000)
  to   space 8704K, 0% used [0x00000000dc080000,0x00000000dc080000,0x00000000dc900000)
 ParOldGen       total 50176K, used 9533K [0x0000000082400000, 0x0000000085500000, 0x00000000d6180000)
  object space 50176K, 19% used [0x0000000082400000,0x0000000082d4f7e8,0x0000000085500000)
 Metaspace       used 34578K, capacity 35058K, committed 35456K, reserved 1079296K
  class space    used 4767K, capacity 4913K, committed 4992K, reserved 1048576K
}

